<?xml version="1.0" encoding="UTF-8"?>
<!-- Generated by org.testng.reporters.JUnitReportReporter -->
<testsuite hostname="QSP" failures="0" tests="1" name="TestNgBasic.ShopperStack" time="9.700" errors="0" timestamp="2024-05-20T09:21:30 IST" skipped="0">
  <testcase classname="TestNgBasic.ShopperStack" name="shopperLogin" time="9.700"/>
</testsuite> <!-- TestNgBasic.ShopperStack -->
