<?xml version="1.0" encoding="UTF-8"?>
<!-- Generated by org.testng.reporters.JUnitReportReporter -->
<testsuite hostname="QSP" failures="0" tests="1" name="Parameter.CrossBrowserTesting" time="5.237" errors="0" timestamp="2024-05-20T12:01:30 IST" skipped="0">
  <testcase classname="Parameter.CrossBrowserTesting" name="CrossBrowser" time="5.237"/>
</testsuite> <!-- Parameter.CrossBrowserTesting -->
