<?xml version="1.0" encoding="UTF-8"?>
<!-- Generated by org.testng.reporters.JUnitReportReporter -->
<testsuite hostname="QSP" failures="0" tests="1" name="TestNgBasic.SearchProduct" time="4.031" errors="0" timestamp="2024-05-27T09:57:45 IST" skipped="0">
  <testcase classname="TestNgBasic.SearchProduct" name="searchProduct" time="4.031"/>
</testsuite> <!-- TestNgBasic.SearchProduct -->
