<?xml version="1.0" encoding="UTF-8"?>
<!-- Generated by org.testng.reporters.JUnitReportReporter -->
<testsuite hostname="QSP" failures="0" tests="1" name="Extent_Report.SampleReport" time="0.652" errors="0" timestamp="2024-05-30T09:56:44 IST" skipped="0">
  <testcase classname="Extent_Report.SampleReport" name="launchTheReport" time="0.652"/>
</testsuite> <!-- Extent_Report.SampleReport -->
