<?xml version="1.0" encoding="UTF-8"?>
<!-- Generated by org.testng.reporters.JUnitReportReporter -->
<testsuite hostname="QSP" failures="0" tests="1" name="TestNgTravel.RedBus" time="7.234" errors="0" timestamp="2024-05-27T09:10:07 IST" skipped="0">
  <testcase classname="TestNgTravel.RedBus" name="redbus" time="7.234"/>
</testsuite> <!-- TestNgTravel.RedBus -->
