<?xml version="1.0" encoding="UTF-8"?>
<!-- Generated by org.testng.reporters.JUnitReportReporter -->
<testsuite hostname="QSP" failures="0" tests="1" name="PageObjectModel.LoginDws" time="8.540" errors="0" timestamp="2024-05-27T12:03:01 IST" skipped="0">
  <testcase classname="PageObjectModel.LoginDws" name="login" time="8.540"/>
</testsuite> <!-- PageObjectModel.LoginDws -->
