<?xml version="1.0" encoding="UTF-8"?>
<!-- Generated by org.testng.reporters.JUnitReportReporter -->
<testsuite hostname="QSP" failures="0" tests="1" name="TestNgTravel.AbhiAbhi" time="9.755" errors="0" timestamp="2024-05-27T09:10:07 IST" skipped="0">
  <testcase classname="TestNgTravel.AbhiAbhi" name="abhiBus" time="9.755"/>
</testsuite> <!-- TestNgTravel.AbhiAbhi -->
