<?xml version="1.0" encoding="UTF-8"?>
<!-- Generated by org.testng.reporters.JUnitReportReporter -->
<testsuite hostname="QSP" failures="0" tests="1" name="Basic.WriteData" time="0.694" errors="0" timestamp="2024-05-25T08:43:05 IST" skipped="0">
  <testcase classname="Basic.WriteData" name="write" time="0.694"/>
</testsuite> <!-- Basic.WriteData -->
