<?xml version="1.0" encoding="UTF-8"?>
<!-- Generated by org.testng.reporters.JUnitReportReporter -->
<testsuite hostname="QSP" failures="0" tests="2" name="DataDrivenTesting.DataProviderBasic" time="11.644" errors="0" timestamp="2024-05-17T11:13:04 IST" skipped="0">
  <testcase classname="DataDrivenTesting.DataProviderBasic" name="receiver" time="6.222"/>
  <testcase classname="DataDrivenTesting.DataProviderBasic" name="receiver" time="5.422"/>
</testsuite> <!-- DataDrivenTesting.DataProviderBasic -->
