<?xml version="1.0" encoding="UTF-8"?>
<!-- Generated by org.testng.reporters.JUnitReportReporter -->
<testsuite hostname="QSP" failures="0" tests="2" name="Basic.ChronologicalOrder" time="0.022" errors="0" timestamp="2024-05-10T16:16:39 IST" skipped="0">
  <testcase classname="Basic.ChronologicalOrder" name="testCase2" time="0.007"/>
  <testcase classname="Basic.ChronologicalOrder" name="testCase1" time="0.015"/>
</testsuite> <!-- Basic.ChronologicalOrder -->
