<?xml version="1.0" encoding="UTF-8"?>
<!-- Generated by org.testng.reporters.JUnitReportReporter -->
<testsuite hostname="QSP" failures="0" tests="1" name="DataDrivenTesting.ReadDataFromExcel" time="0.618" errors="0" timestamp="2024-05-11T13:30:15 IST" skipped="0">
  <testcase classname="DataDrivenTesting.ReadDataFromExcel" name="readData" time="0.618"/>
</testsuite> <!-- DataDrivenTesting.ReadDataFromExcel -->
