<?xml version="1.0" encoding="UTF-8"?>
<!-- Generated by org.testng.reporters.JUnitReportReporter -->
<testsuite hostname="QSP" failures="0" tests="1" name="Assertion.AssertEqual" time="5.640" errors="0" timestamp="2024-05-21T11:29:06 IST" skipped="0">
  <testcase classname="Assertion.AssertEqual" name="hardAssert" time="5.640"/>
</testsuite> <!-- Assertion.AssertEqual -->
