<?xml version="1.0" encoding="UTF-8"?>
<!-- Generated by org.testng.reporters.JUnitReportReporter -->
<testsuite hostname="QSP" failures="0" tests="1" name="DataDrivenTesting.WriteDatatoExcel" time="0.697" errors="0" timestamp="2024-05-29T09:08:46 IST" skipped="0">
  <testcase classname="DataDrivenTesting.WriteDatatoExcel" name="dataToExcel" time="0.697"/>
</testsuite> <!-- DataDrivenTesting.WriteDatatoExcel -->
