<?xml version="1.0" encoding="UTF-8"?>
<!-- Generated by org.testng.reporters.JUnitReportReporter -->
<testsuite hostname="QSP" failures="0" tests="1" name="TestNgTravel.MakeMyTrip" time="7.126" errors="0" timestamp="2024-05-27T09:10:07 IST" skipped="0">
  <testcase classname="TestNgTravel.MakeMyTrip" name="makeMyTrip" time="7.126"/>
</testsuite> <!-- TestNgTravel.MakeMyTrip -->
