<?xml version="1.0" encoding="UTF-8"?>
<!-- Generated by org.testng.reporters.JUnitReportReporter -->
<testsuite hostname="QSP" failures="0" tests="5" name="TestNgBasic.HelperMethods" time="41.255" errors="0" timestamp="2024-05-21T10:01:47 IST" skipped="0">
  <testcase classname="TestNgBasic.HelperMethods" name="demo" time="5.767"/>
  <testcase classname="TestNgBasic.HelperMethods" name="mumbai" time="7.114"/>
  <testcase classname="TestNgBasic.HelperMethods" name="royalchallenge" time="5.601"/>
  <testcase classname="TestNgBasic.HelperMethods" name="csk" time="11.364"/>
  <testcase classname="TestNgBasic.HelperMethods" name="csk" time="11.409"/>
</testsuite> <!-- TestNgBasic.HelperMethods -->
