<?xml version="1.0" encoding="UTF-8"?>
<!-- Generated by org.testng.reporters.JUnitReportReporter -->
<testsuite hostname="QSP" failures="0" tests="1" name="TestNgFashion.DemoWebShop" time="9.939" errors="0" timestamp="2024-05-27T09:10:07 IST" skipped="0">
  <testcase classname="TestNgFashion.DemoWebShop" name="dws" time="9.939"/>
</testsuite> <!-- TestNgFashion.DemoWebShop -->
