<?xml version="1.0" encoding="UTF-8"?>
<!-- Generated by org.testng.reporters.JUnitReportReporter -->
<testsuite hostname="QSP" failures="0" tests="1" name="DataDrivenTesting.ReadDataFromPropertyFile" time="15.713" errors="0" timestamp="2024-05-15T12:15:45 IST" skipped="0">
  <testcase classname="DataDrivenTesting.ReadDataFromPropertyFile" name="readData" time="15.713"/>
</testsuite> <!-- DataDrivenTesting.ReadDataFromPropertyFile -->
