<?xml version="1.0" encoding="UTF-8"?>
<!-- Generated by org.testng.reporters.JUnitReportReporter -->
<testsuite hostname="QSP" failures="0" tests="1" name="Basic.LaunchExection" time="5.620" errors="0" timestamp="2024-05-09T12:49:30 IST" skipped="0">
  <testcase classname="Basic.LaunchExection" name="Royalchallenge" time="5.620"/>
</testsuite> <!-- Basic.LaunchExection -->
