<?xml version="1.0" encoding="UTF-8"?>
<!-- Generated by org.testng.reporters.JUnitReportReporter -->
<testsuite hostname="QSP" failures="0" tests="3" name="TestNgBasic.DependsOnMethod" time="13.964" errors="0" timestamp="2024-05-16T12:47:00 IST" skipped="0">
  <testcase classname="TestNgBasic.DependsOnMethod" name="modifyAccount" time="4.952"/>
  <testcase classname="TestNgBasic.DependsOnMethod" name="deleteAccount" time="4.217"/>
  <testcase classname="TestNgBasic.DependsOnMethod" name="createAccount" time="4.795"/>
</testsuite> <!-- TestNgBasic.DependsOnMethod -->
