<?xml version="1.0" encoding="UTF-8"?>
<!-- Generated by org.testng.reporters.JUnitReportReporter -->
<testsuite hostname="QSP" failures="0" tests="1" name="DataDrivenTesting.ReadDataFromexcelFile" time="0.499" errors="0" timestamp="2024-05-14T12:49:22 IST" skipped="0">
  <testcase classname="DataDrivenTesting.ReadDataFromexcelFile" name="readData" time="0.499"/>
</testsuite> <!-- DataDrivenTesting.ReadDataFromexcelFile -->
