<?xml version="1.0" encoding="UTF-8"?>
<!-- Generated by org.testng.reporters.JUnitReportReporter -->
<testsuite hostname="QSP" failures="0" tests="1" name="TestNgFashion.KalkiShop" time="7.332" errors="0" timestamp="2024-05-27T09:10:07 IST" skipped="0">
  <testcase classname="TestNgFashion.KalkiShop" name="kalki" time="7.332"/>
</testsuite> <!-- TestNgFashion.KalkiShop -->
