<?xml version="1.0" encoding="UTF-8"?>
<!-- Generated by org.testng.reporters.JUnitReportReporter -->
<testsuite hostname="QSP" failures="0" tests="1" name="Parameter.ShopperStack" time="10.055" errors="0" timestamp="2024-05-20T09:34:29 IST" skipped="0">
  <testcase classname="Parameter.ShopperStack" name="shopperLogin" time="10.055"/>
</testsuite> <!-- Parameter.ShopperStack -->
